{
  common: [ 'test.js' ],
  deleted: [],
  added: [
    '.eslintrc.json',
    '.git/COMMIT_EDITMSG',
    '.git/HEAD',
    '.git/config',
    '.git/description',
    '.git/hooks/applypatch-msg.sample',
    '.git/hooks/commit-msg.sample',
    '.git/hooks/fsmonitor-watchman.sample',
    '.git/hooks/post-update.sample',
    '.git/hooks/pre-applypatch.sample',
    '.git/hooks/pre-commit.sample',
    '.git/hooks/pre-merge-commit.sample',
    '.git/hooks/pre-push.sample',
    '.git/hooks/pre-rebase.sample',
    '.git/hooks/pre-receive.sample',
    '.git/hooks/prepare-commit-msg.sample',
    '.git/hooks/update.sample',
    '.git/index',
    '.git/info/exclude',
    '.git/logs/HEAD',
    '.git/logs/refs/heads/master',
    '.git/logs/refs/remotes/origin/master',
    '.git/objects/65/44d2b6627a6193da7dabdb112b745b4204cedf',
    '.git/objects/99/a1246e3a609654dc241ae793e4e32e86a336ca',
    '.git/objects/b7/ef0c6ba6505aba6d569dddc72c42068a1e13f5',
    '.git/refs/heads/master',
    '.git/refs/remotes/origin/master',
    '.prettierrc',
    'README.md',
    'debug.log',
    'graph.md',
    'index.js',
    'mvcs/.git/HEAD',
    'mvcs/.git/config',
    'mvcs/.git/description',
    'mvcs/.git/hooks/applypatch-msg.sample',
    'mvcs/.git/hooks/commit-msg.sample',
    'mvcs/.git/hooks/fsmonitor-watchman.sample',
    'mvcs/.git/hooks/post-update.sample',
    'mvcs/.git/hooks/pre-applypatch.sample',
    'mvcs/.git/hooks/pre-commit.sample',
    'mvcs/.git/hooks/pre-merge-commit.sample',
    'mvcs/.git/hooks/pre-push.sample',
    'mvcs/.git/hooks/pre-rebase.sample',
    'mvcs/.git/hooks/pre-receive.sample',
    'mvcs/.git/hooks/prepare-commit-msg.sample',
    'mvcs/.git/hooks/update.sample',
    'mvcs/.git/index',
    'mvcs/.git/info/exclude',
    'mvcs/.git/logs/HEAD',
    'mvcs/.git/logs/refs/heads/master',
    'mvcs/.git/logs/refs/remotes/origin/HEAD',
    'mvcs/.git/objects/pack/pack-275e7ddfef867c9ecd934600a52463f6efe74662.idx',
    'mvcs/.git/objects/pack/pack-275e7ddfef867c9ecd934600a52463f6efe74662.pack',
    'mvcs/.git/packed-refs',
    'mvcs/.git/refs/heads/master',
    'mvcs/.git/refs/remotes/origin/HEAD',
    'mvcs/README.md',
    'mvcs/bin/index.js',
    'mvcs/package.json',
    'node_modules/.bin/acorn',
    'node_modules/.bin/eslint',
    'node_modules/.bin/esparse',
    'node_modules/.bin/esvalidate',
    'node_modules/.bin/js-yaml',
    'node_modules/.bin/json5',
    'node_modules/.bin/node-which',
    'node_modules/.bin/rimraf',
    'node_modules/.bin/semver',
    'node_modules/.package-lock.json',
    'node_modules/@babel/code-frame/LICENSE',
    'node_modules/@babel/code-frame/README.md',
    'node_modules/@babel/code-frame/lib/index.js',
    'node_modules/@babel/code-frame/package.json',
    'node_modules/@babel/helper-validator-identifier/LICENSE',
    'node_modules/@babel/helper-validator-identifier/README.md',
    'node_modules/@babel/helper-validator-identifier/lib/identifier.js',
    'node_modules/@babel/helper-validator-identifier/lib/index.js',
    'node_modules/@babel/helper-validator-identifier/lib/keyword.js',
    'node_modules/@babel/helper-validator-identifier/package.json',
    'node_modules/@babel/helper-validator-identifier/scripts/generate-identifier-regex.js',
    'node_modules/@babel/highlight/LICENSE',
    'node_modules/@babel/highlight/README.md',
    'node_modules/@babel/highlight/lib/index.js',
    'node_modules/@babel/highlight/node_modules/ansi-styles/index.js',
    'node_modules/@babel/highlight/node_modules/ansi-styles/license',
    'node_modules/@babel/highlight/node_modules/ansi-styles/package.json',
    'node_modules/@babel/highlight/node_modules/ansi-styles/readme.md',
    'node_modules/@babel/highlight/node_modules/chalk/index.js',
    'node_modules/@babel/highlight/node_modules/chalk/index.js.flow',
    'node_modules/@babel/highlight/node_modules/chalk/license',
    'node_modules/@babel/highlight/node_modules/chalk/package.json',
    'node_modules/@babel/highlight/node_modules/chalk/readme.md',
    'node_modules/@babel/highlight/node_modules/chalk/templates.js',
    'node_modules/@babel/highlight/node_modules/chalk/types/index.d.ts',
    'node_modules/@babel/highlight/node_modules/color-convert/CHANGELOG.md',
    'node_modules/@babel/highlight/node_modules/color-convert/LICENSE',
    'node_modules/@babel/highlight/node_modules/color-convert/README.md',
    'node_modules/@babel/highlight/node_modules/color-convert/conversions.js',
    'node_modules/@babel/highlight/node_modules/color-convert/index.js',
    ... 3800 more items
  ]
}
